#
# A fatal error has been detected by the Java Runtime Environment:
#
#  EXCEPTION_ACCESS_VIOLATION (0xc0000005) at pc=0x00007ffba169faad, pid=7356, tid=18280
#
# JRE version: Java(TM) SE Runtime Environment (18.0.2.1+1) (build 18.0.2.1+1-1)
# Java VM: Java HotSpot(TM) 64-Bit Server VM (18.0.2.1+1-1, mixed mode, sharing, tiered, compressed oops, compressed class ptrs, g1 gc, windows-amd64)
# Problematic frame:
# C  [ntdll.dll+0x2faad]
#
# No core dump will be written. Minidumps are not enabled by default on client versions of Windows
#
# If you would like to submit a bug report, please visit:
#   https://bugreport.java.com/bugreport/crash.jsp
#

---------------  S U M M A R Y ------------

Command Line: -Dfile.encoding=UTF-8 -Djava.library.path=c:\opencv\build\java\x64 team.Grapes.CamCap

Host: Intel(R) Core(TM) i5-4210M CPU @ 2.60GHz, 4 cores, 7G,  Windows 10 , 64 bit Build 19041 (10.0.19041.2788)
Time: Wed Jun  7 11:31:12 2023 Hora estándar central (México) elapsed time: 49.175316 seconds (0d 0h 0m 49s)

---------------  T H R E A D  ---------------

Current thread (0x0000028ed9148c40):  VMThread "VM Thread" [stack: 0x000000d647200000,0x000000d647300000] [id=18280]

Stack: [0x000000d647200000,0x000000d647300000],  sp=0x000000d6472fef20,  free space=1019k
Native frames: (J=compiled Java code, j=interpreted, Vv=VM code, C=native code)
C  [ntdll.dll+0x2faad]
C  [igdrcl64.dll+0x8fa59]


siginfo: EXCEPTION_ACCESS_VIOLATION (0xc0000005), writing address 0x0000000000000018


Register to memory mapping:

RIP=0x00007ffba169faad ntdll.dll
RAX=0x000000d646606000 points into unknown readable memory: 0x0000000000000000 | 00 00 00 00 00 00 00 00
RBX=0x000000d6472fefa8 points into unknown readable memory: 0x0000000000000010 | 10 00 00 00 00 00 00 00
RCX=0x0000000000000010 is an unknown value
RDX=0x0000000000000010 is an unknown value
RSP=0x000000d6472fef20 points into unknown readable memory: 0x0000000000000000 | 00 00 00 00 00 00 00 00
RBP=0x0 is NULL
RSI=0x0000028ed9168090 points into unknown readable memory: 0x6c2f617600000102 | 02 01 00 00 76 61 2f 6c
RDI=0x0000028ede261450 points into unknown readable memory: 0x00007ffb30a44d50 | 50 4d a4 30 fb 7f 00 00
R8 =0x000000000000003a is an unknown value
R9 =0x000000000000003a is an unknown value
R10=0x0000000000000038 is an unknown value
R11=0x000000d6472fefc0 points into unknown readable memory: 0x0000028ede530db0 | b0 0d 53 de 8e 02 00 00
R12=0x00007ffba17dd2f0 ntdll.dll
R13=0x00007ffba17dd338 ntdll.dll
R14=0x00007ffb2c2857c0 opencv_java430.dll
R15=0x00007ffb2a98d930 opencv_java430.dll


Registers:
RAX=0x000000d646606000, RBX=0x000000d6472fefa8, RCX=0x0000000000000010, RDX=0x0000000000000010
RSP=0x000000d6472fef20, RBP=0x0000000000000000, RSI=0x0000028ed9168090, RDI=0x0000028ede261450
R8 =0x000000000000003a, R9 =0x000000000000003a, R10=0x0000000000000038, R11=0x000000d6472fefc0
R12=0x00007ffba17dd2f0, R13=0x00007ffba17dd338, R14=0x00007ffb2c2857c0, R15=0x00007ffb2a98d930
RIP=0x00007ffba169faad, EFLAGS=0x0000000000010202

Top of Stack: (sp=0x000000d6472fef20)
0x000000d6472fef20:   0000000000000000 0000000000000050
0x000000d6472fef30:   0000000000000040 0000000000000020
0x000000d6472fef40:   0000028eb9620000 00007ffb3062fa59
0x000000d6472fef50:   0000000000000005 00007ffba169b3c7
0x000000d6472fef60:   0000028eb9600000 0000000000000002
0x000000d6472fef70:   0000000000000000 00007ffb306181b8
0x000000d6472fef80:   0000000000000000 0000000000000000
0x000000d6472fef90:   00007ffb2a98d930 0000000000000001
0x000000d6472fefa0:   fffffffffffffffe 0000000000000010
0x000000d6472fefb0:   00008c639f9d0301 0000028edd55d790
0x000000d6472fefc0:   0000028ede530db0 00007ffb30611d75
0x000000d6472fefd0:   0000000000000000 0000028ede261450
0x000000d6472fefe0:   0000000000000001 0000000000000000
0x000000d6472feff0:   0000000000000001 00007ffb2aaad2be
0x000000d6472ff000:   0000028ede531410 00007ffb12000012
0x000000d6472ff010:   0000028eb98bc250 00007ffb2b63c6cb 

Instructions: (pc=0x00007ffba169faad)
0x00007ffba169f9ad:   48 b8 7f 7f 7f 7f 7f 7f 7f 7f 41 8b c8 48 0b cb
0x00007ffba169f9bd:   48 23 c8 83 e6 1f 49 89 8c f4 40 a5 16 00 48 81
0x00007ffba169f9cd:   c4 98 00 00 00 41 5f 41 5e 41 5d 41 5c 5f 5e 5b
0x00007ffba169f9dd:   5d c3 cc 33 d2 41 8b c6 41 f7 f0 44 8b c8 e9 d6
0x00007ffba169f9ed:   fc ff ff 41 8d 57 ff 41 85 d7 0f 84 53 38 08 00
0x00007ffba169f9fd:   41 b8 00 10 00 00 41 b9 ff ff 00 00 e9 7c 38 08
0x00007ffba169fa0d:   00 cc cc cc cc cc cc 48 8b c4 48 89 58 08 48 89
0x00007ffba169fa1d:   68 10 48 89 70 18 48 89 78 20 41 56 48 83 ec 20
0x00007ffba169fa2d:   40 8a ea 4c 8d 35 99 d1 13 00 48 8b f1 33 db 48
0x00007ffba169fa3d:   8d 0d 9d d1 13 00 e8 58 00 00 00 4c 8b 05 81 d1
0x00007ffba169fa4d:   13 00 4d 3b c6 0f 85 48 3b 08 00 48 85 db 75 33
0x00007ffba169fa5d:   48 8d 0d 7c d1 13 00 e8 c7 f7 ff ff 48 85 db 0f
0x00007ffba169fa6d:   85 63 3b 08 00 33 c0 48 8b 5c 24 30 48 8b 6c 24
0x00007ffba169fa7d:   38 48 8b 74 24 40 48 8b 7c 24 48 48 83 c4 20 41
0x00007ffba169fa8d:   5e c3 cc f0 ff 43 3c eb c7 cc cc cc cc cc cc cc
0x00007ffba169fa9d:   cc cc cc 48 83 ec 28 65 48 8b 04 25 30 00 00 00
0x00007ffba169faad:   f0 0f ba 71 08 00 48 8b 40 48 73 13 48 89 41 10
0x00007ffba169fabd:   33 c0 c7 41 0c 01 00 00 00 48 83 c4 28 c3 cc 48
0x00007ffba169facd:   39 41 10 75 0b ff 41 0c 33 c0 48 83 c4 28 c3 cc
0x00007ffba169fadd:   e8 0e 00 00 00 eb e2 cc cc cc cc cc cc cc cc cc
0x00007ffba169faed:   cc cc cc 48 89 5c 24 18 55 56 57 41 54 41 55 41
0x00007ffba169fafd:   56 41 57 48 83 ec 20 8b 41 20 48 8b f1 48 0f ba
0x00007ffba169fb0d:   e0 1a 0f 82 df 01 00 00 33 ff 40 32 ed 66 83 3c
0x00007ffba169fb1d:   25 6a 03 fe 7f 01 76 19 48 8b 7e 20 48 8b c7 81
0x00007ffba169fb2d:   e7 ff ff ff 00 25 00 00 00 02 48 85 c0 40 0f 95
0x00007ffba169fb3d:   c5 45 32 ff b0 01 45 32 e4 41 bd 01 00 00 00 45
0x00007ffba169fb4d:   33 c0 ba 6a 03 fe 7f 84 c0 0f 84 14 01 00 00 8b
0x00007ffba169fb5d:   46 08 4c 8d 4e 08 45 84 e4 41 be 03 00 00 00 45
0x00007ffba169fb6d:   0f 44 f5 41 84 c5 0f 85 e2 00 00 00 8d 0c bf 03
0x00007ffba169fb7d:   c9 66 44 39 2a 0f 86 e8 00 00 00 4d 85 c9 74 0e
0x00007ffba169fb8d:   80 3c 25 97 02 fe 7f 00 0f 85 69 3a 08 00 0f b7
0x00007ffba169fb9d:   1c 25 d6 02 fe 7f 83 fb 0c 0f 85 a2 00 00 00 b8 


Stack slot to memory mapping:
stack at sp + 0 slots: 0x0 is NULL
stack at sp + 1 slots: 0x0000000000000050 is an unknown value
stack at sp + 2 slots: 0x0000000000000040 is an unknown value
stack at sp + 3 slots: 0x0000000000000020 is an unknown value
stack at sp + 4 slots: 0x0000028eb9620000 points into unknown readable memory: 0x0000000000000000 | 00 00 00 00 00 00 00 00
stack at sp + 5 slots: 0x00007ffb3062fa59 igdrcl64.dll
stack at sp + 6 slots: 0x0000000000000005 is an unknown value
stack at sp + 7 slots: 0x00007ffba169b3c7 ntdll.dll

VM_Operation (0x000000d6482fea40): Exit, mode: safepoint, requested by thread 0x0000028edd6ee780


---------------  P R O C E S S  ---------------

Threads class SMR info:
_java_thread_list=0x0000028ee3578850, length=16, elements={
0x0000028ed914bc40, 0x0000028ed914c8a0, 0x0000028ed9166910, 0x0000028ed91672b0,
0x0000028ed9169da0, 0x0000028ed916e0b0, 0x0000028ed916ed10, 0x0000028ed918b1d0,
0x0000028edd4aa4b0, 0x0000028edd4acbf0, 0x0000028edd6a1430, 0x0000028edd6ae000,
0x0000028edd6ee780, 0x0000028ebb890620, 0x0000028edd648a10, 0x0000028edd64f6e0
}

Java Threads: ( => current thread )
  0x0000028ed914bc40 JavaThread "Reference Handler" daemon [_thread_blocked, id=14516, stack(0x000000d647300000,0x000000d647400000)]
  0x0000028ed914c8a0 JavaThread "Finalizer" daemon [_thread_blocked, id=16372, stack(0x000000d647400000,0x000000d647500000)]
  0x0000028ed9166910 JavaThread "Attach Listener" daemon [_thread_blocked, id=15672, stack(0x000000d647600000,0x000000d647700000)]
  0x0000028ed91672b0 JavaThread "Service Thread" daemon [_thread_blocked, id=19424, stack(0x000000d647700000,0x000000d647800000)]
  0x0000028ed9169da0 JavaThread "Monitor Deflation Thread" daemon [_thread_blocked, id=16656, stack(0x000000d647800000,0x000000d647900000)]
  0x0000028ed916e0b0 JavaThread "C2 CompilerThread0" daemon [_thread_blocked, id=16696, stack(0x000000d647900000,0x000000d647a00000)]
  0x0000028ed916ed10 JavaThread "C1 CompilerThread0" daemon [_thread_blocked, id=14592, stack(0x000000d647a00000,0x000000d647b00000)]
  0x0000028ed918b1d0 JavaThread "Sweeper thread" daemon [_thread_blocked, id=17232, stack(0x000000d647b00000,0x000000d647c00000)]
  0x0000028edd4aa4b0 JavaThread "Notification Thread" daemon [_thread_blocked, id=19324, stack(0x000000d647c00000,0x000000d647d00000)]
  0x0000028edd4acbf0 JavaThread "Common-Cleaner" daemon [_thread_blocked, id=18828, stack(0x000000d647e00000,0x000000d647f00000)]
  0x0000028edd6a1430 JavaThread "Java2D Disposer" daemon [_thread_blocked, id=16596, stack(0x000000d647f00000,0x000000d648000000)]
  0x0000028edd6ae000 JavaThread "AWT-Shutdown" [_thread_blocked, id=3680, stack(0x000000d648000000,0x000000d648100000)]
  0x0000028edd6ee780 JavaThread "AWT-EventQueue-0" [_thread_blocked, id=17080, stack(0x000000d648200000,0x000000d648300000)]
  0x0000028ebb890620 JavaThread "DestroyJavaVM" [_thread_blocked, id=7828, stack(0x000000d646c00000,0x000000d646d00000)]
  0x0000028edd648a10 JavaThread "TimerQueue" daemon [_thread_blocked, id=5632, stack(0x000000d648300000,0x000000d648400000)]
  0x0000028edd64f6e0 JavaThread "Thread-0" daemon [_thread_blocked, id=17000, stack(0x000000d648400000,0x000000d648500000)]

Other Threads:
=>0x0000028ed9148c40 VMThread "VM Thread" [stack: 0x000000d647200000,0x000000d647300000] [id=18280]
  0x0000028ebb8eef60 WorkerThread "GC Thread#0" [stack: 0x000000d646d00000,0x000000d646e00000] [id=18744]
  0x0000028ee35d2cd0 WorkerThread "GC Thread#1" [stack: 0x000000d649900000,0x000000d649a00000] [id=15180]
  0x0000028ee3eff390 WorkerThread "GC Thread#2" [stack: 0x000000d649a00000,0x000000d649b00000] [id=8312]
  0x0000028ee33ff8f0 WorkerThread "GC Thread#3" [stack: 0x000000d649b00000,0x000000d649c00000] [id=3556]
  0x0000028ebb8ffad0 ConcurrentGCThread "G1 Main Marker" terminated
  0x0000028ebb900c60 WorkerThread "G1 Conc#0" [stack: 0x000000d646f00000,0x000000d647000000] [id=3824]
  0x0000028ebb944d60 ConcurrentGCThread "G1 Refine#0" terminated
  0x0000028ebb945670 ConcurrentGCThread "G1 Service" terminated

Threads with active compile tasks:

VM state: at safepoint (shutting down)

VM Mutex/Monitor currently owned by a thread:  ([mutex/lock_event])
[0x0000028ebb88c030] Threads_lock - owner thread: 0x0000028ed9148c40
[0x0000028ebb88b460] Heap_lock - owner thread: 0x0000028edd6ee780

Heap address: 0x0000000081e00000, size: 2018 MB, Compressed Oops mode: 32-bit

CDS archive(s) mapped at: [0x0000000800000000-0x0000000800ba0000-0x0000000800ba0000), size 12189696, SharedBaseAddress: 0x0000000800000000, ArchiveRelocationMode: 0.
Compressed class space mapped at: 0x0000000800c00000-0x0000000840c00000, reserved size: 1073741824
Narrow klass base: 0x0000000800000000, Narrow klass shift: 0, Narrow klass range: 0x100000000

GC Precious Log:
 CardTable entry size: 512
 Card Set container configuration: InlinePtr #cards 5 size 8 Array Of Cards #cards 12 size 40 Howl #buckets 4 coarsen threshold 1843 Howl Bitmap #cards 512 size 80 coarsen threshold 460 Card regions per heap region 1 cards per card region 2048
 CPUs: 4 total, 4 available
 Memory: 8070M
 Large Page Support: Disabled
 NUMA Support: Disabled
 Compressed Oops: Enabled (32-bit)
 Heap Region Size: 1M
 Heap Min Capacity: 8M
 Heap Initial Capacity: 128M
 Heap Max Capacity: 2018M
 Pre-touch: Disabled
 Parallel Workers: 4
 Concurrent Workers: 1
 Concurrent Refinement Workers: 4
 Periodic GC: Disabled

Heap:
 garbage-first heap   total 131072K, used 40284K [0x0000000081e00000, 0x0000000100000000)
  region size 1024K, 4 young (4096K), 1 survivors (1024K)
 Metaspace       used 10794K, committed 10944K, reserved 1114112K
  class space    used 1185K, committed 1280K, reserved 1048576K

Heap Regions: E=young(eden), S=young(survivor), O=old, HS=humongous(starts), HC=humongous(continues), CS=collection set, F=free, OA=open archive, CA=closed archive, TAMS=top-at-mark-start (previous, next)
|   0|0x0000000081e00000, 0x0000000081f00000, 0x0000000081f00000|100%|HS|  |TAMS 0x0000000081e00000, 0x0000000081f00000| Complete 
|   1|0x0000000081f00000, 0x0000000082000000, 0x0000000082000000|100%|HC|  |TAMS 0x0000000081f00000, 0x0000000082000000| Complete 
|   2|0x0000000082000000, 0x0000000082100000, 0x0000000082100000|100%|HS|  |TAMS 0x0000000082000000, 0x0000000082100000| Complete 
|   3|0x0000000082100000, 0x0000000082200000, 0x0000000082200000|100%|HS|  |TAMS 0x0000000082100000, 0x0000000082100000| Complete 
|   4|0x0000000082200000, 0x0000000082300000, 0x0000000082300000|100%|HS|  |TAMS 0x0000000082200000, 0x0000000082200000| Complete 
|   5|0x0000000082300000, 0x0000000082400000, 0x0000000082400000|100%|HS|  |TAMS 0x0000000082300000, 0x0000000082400000| Complete 
|   6|0x0000000082400000, 0x0000000082500000, 0x0000000082500000|100%|HS|  |TAMS 0x0000000082400000, 0x0000000082400000| Complete 
|   7|0x0000000082500000, 0x0000000082600000, 0x0000000082600000|100%|HS|  |TAMS 0x0000000082500000, 0x0000000082500000| Complete 
|   8|0x0000000082600000, 0x0000000082700000, 0x0000000082700000|100%|HS|  |TAMS 0x0000000082600000, 0x0000000082700000| Complete 
|   9|0x0000000082700000, 0x0000000082800000, 0x0000000082800000|100%|HS|  |TAMS 0x0000000082700000, 0x0000000082700000| Complete 
|  10|0x0000000082800000, 0x0000000082900000, 0x0000000082900000|100%|HS|  |TAMS 0x0000000082800000, 0x0000000082800000| Complete 
|  11|0x0000000082900000, 0x0000000082a00000, 0x0000000082a00000|100%|HS|  |TAMS 0x0000000082900000, 0x0000000082a00000| Complete 
|  12|0x0000000082a00000, 0x0000000082b00000, 0x0000000082b00000|100%|HS|  |TAMS 0x0000000082a00000, 0x0000000082a00000| Complete 
|  13|0x0000000082b00000, 0x0000000082c00000, 0x0000000082c00000|100%|HS|  |TAMS 0x0000000082b00000, 0x0000000082b00000| Complete 
|  14|0x0000000082c00000, 0x0000000082d00000, 0x0000000082d00000|100%|HS|  |TAMS 0x0000000082c00000, 0x0000000082d00000| Complete 
|  15|0x0000000082d00000, 0x0000000082e00000, 0x0000000082e00000|100%|HS|  |TAMS 0x0000000082d00000, 0x0000000082d00000| Complete 
|  16|0x0000000082e00000, 0x0000000082f00000, 0x0000000082f00000|100%|HS|  |TAMS 0x0000000082e00000, 0x0000000082e00000| Complete 
|  17|0x0000000082f00000, 0x0000000083000000, 0x0000000083000000|100%|HS|  |TAMS 0x0000000082f00000, 0x0000000083000000| Complete 
|  18|0x0000000083000000, 0x0000000083100000, 0x0000000083100000|100%|HS|  |TAMS 0x0000000083000000, 0x0000000083000000| Complete 
|  19|0x0000000083100000, 0x0000000083200000, 0x0000000083200000|100%|HS|  |TAMS 0x0000000083100000, 0x0000000083100000| Complete 
|  20|0x0000000083200000, 0x0000000083300000, 0x0000000083300000|100%|HS|  |TAMS 0x0000000083200000, 0x0000000083300000| Complete 
|  21|0x0000000083300000, 0x0000000083400000, 0x0000000083400000|100%|HS|  |TAMS 0x0000000083300000, 0x0000000083300000| Complete 
|  22|0x0000000083400000, 0x0000000083500000, 0x0000000083500000|100%|HS|  |TAMS 0x0000000083400000, 0x0000000083400000| Complete 
|  23|0x0000000083500000, 0x0000000083600000, 0x0000000083600000|100%|HS|  |TAMS 0x0000000083500000, 0x0000000083600000| Complete 
|  24|0x0000000083600000, 0x0000000083700000, 0x0000000083700000|100%|HS|  |TAMS 0x0000000083600000, 0x0000000083600000| Complete 
|  25|0x0000000083700000, 0x0000000083700000, 0x0000000083800000|  0%| F|  |TAMS 0x0000000083700000, 0x0000000083700000| Untracked 
|  26|0x0000000083800000, 0x0000000083900000, 0x0000000083900000|100%|HS|  |TAMS 0x0000000083800000, 0x0000000083900000| Complete 
|  27|0x0000000083900000, 0x0000000083900000, 0x0000000083a00000|  0%| F|  |TAMS 0x0000000083900000, 0x0000000083900000| Untracked 
|  28|0x0000000083a00000, 0x0000000083a00000, 0x0000000083b00000|  0%| F|  |TAMS 0x0000000083a00000, 0x0000000083a00000| Untracked 
|  29|0x0000000083b00000, 0x0000000083c00000, 0x0000000083c00000|100%|HS|  |TAMS 0x0000000083b00000, 0x0000000083c00000| Complete 
|  30|0x0000000083c00000, 0x0000000083c00000, 0x0000000083d00000|  0%| F|  |TAMS 0x0000000083c00000, 0x0000000083c00000| Untracked 
|  31|0x0000000083d00000, 0x0000000083d00000, 0x0000000083e00000|  0%| F|  |TAMS 0x0000000083d00000, 0x0000000083d00000| Untracked 
|  32|0x0000000083e00000, 0x0000000083f00000, 0x0000000083f00000|100%|HS|  |TAMS 0x0000000083e00000, 0x0000000083f00000| Complete 
|  33|0x0000000083f00000, 0x0000000083f00000, 0x0000000084000000|  0%| F|  |TAMS 0x0000000083f00000, 0x0000000083f00000| Untracked 
|  34|0x0000000084000000, 0x0000000084000000, 0x0000000084100000|  0%| F|  |TAMS 0x0000000084000000, 0x0000000084000000| Untracked 
|  35|0x0000000084100000, 0x0000000084200000, 0x0000000084200000|100%|HS|  |TAMS 0x0000000084100000, 0x0000000084200000| Complete 
|  36|0x0000000084200000, 0x0000000084200000, 0x0000000084300000|  0%| F|  |TAMS 0x0000000084200000, 0x0000000084200000| Untracked 
|  37|0x0000000084300000, 0x0000000084300000, 0x0000000084400000|  0%| F|  |TAMS 0x0000000084300000, 0x0000000084300000| Untracked 
|  38|0x0000000084400000, 0x0000000084500000, 0x0000000084500000|100%|HS|  |TAMS 0x0000000084400000, 0x0000000084500000| Complete 
|  39|0x0000000084500000, 0x0000000084500000, 0x0000000084600000|  0%| F|  |TAMS 0x0000000084500000, 0x0000000084500000| Untracked 
|  40|0x0000000084600000, 0x0000000084600000, 0x0000000084700000|  0%| F|  |TAMS 0x0000000084600000, 0x0000000084600000| Untracked 
|  41|0x0000000084700000, 0x0000000084800000, 0x0000000084800000|100%|HS|  |TAMS 0x0000000084700000, 0x0000000084800000| Complete 
|  42|0x0000000084800000, 0x0000000084800000, 0x0000000084900000|  0%| F|  |TAMS 0x0000000084800000, 0x0000000084800000| Untracked 
|  43|0x0000000084900000, 0x0000000084900000, 0x0000000084a00000|  0%| F|  |TAMS 0x0000000084900000, 0x0000000084900000| Untracked 
|  44|0x0000000084a00000, 0x0000000084b00000, 0x0000000084b00000|100%|HS|  |TAMS 0x0000000084a00000, 0x0000000084b00000| Complete 
|  45|0x0000000084b00000, 0x0000000084b00000, 0x0000000084c00000|  0%| F|  |TAMS 0x0000000084b00000, 0x0000000084b00000| Untracked 
|  46|0x0000000084c00000, 0x0000000084c00000, 0x0000000084d00000|  0%| F|  |TAMS 0x0000000084c00000, 0x0000000084c00000| Untracked 
|  47|0x0000000084d00000, 0x0000000084e00000, 0x0000000084e00000|100%|HS|  |TAMS 0x0000000084d00000, 0x0000000084e00000| Complete 
|  48|0x0000000084e00000, 0x0000000084e00000, 0x0000000084f00000|  0%| F|  |TAMS 0x0000000084e00000, 0x0000000084e00000| Untracked 
|  49|0x0000000084f00000, 0x0000000084f00000, 0x0000000085000000|  0%| F|  |TAMS 0x0000000084f00000, 0x0000000084f00000| Untracked 
|  50|0x0000000085000000, 0x0000000085100000, 0x0000000085100000|100%|HS|  |TAMS 0x0000000085000000, 0x0000000085100000| Complete 
|  51|0x0000000085100000, 0x0000000085100000, 0x0000000085200000|  0%| F|  |TAMS 0x0000000085100000, 0x0000000085100000| Untracked 
|  52|0x0000000085200000, 0x0000000085300000, 0x0000000085300000|100%|HS|  |TAMS 0x0000000085200000, 0x0000000085300000| Complete 
|  53|0x0000000085300000, 0x0000000085300000, 0x0000000085400000|  0%| F|  |TAMS 0x0000000085300000, 0x0000000085300000| Untracked 
|  54|0x0000000085400000, 0x0000000085500000, 0x0000000085500000|100%| O|  |TAMS 0x0000000085400000, 0x0000000085500000| Untracked 
|  55|0x0000000085500000, 0x0000000085500000, 0x0000000085600000|  0%| F|  |TAMS 0x0000000085500000, 0x0000000085500000| Untracked 
|  56|0x0000000085600000, 0x0000000085600000, 0x0000000085700000|  0%| F|  |TAMS 0x0000000085600000, 0x0000000085600000| Untracked 
|  57|0x0000000085700000, 0x0000000085800000, 0x0000000085800000|100%| O|  |TAMS 0x0000000085700000, 0x0000000085800000| Untracked 
|  58|0x0000000085800000, 0x0000000085851e00, 0x0000000085900000| 31%| O|  |TAMS 0x0000000085800000, 0x0000000085851e00| Untracked 
|  59|0x0000000085900000, 0x0000000085900000, 0x0000000085a00000|  0%| F|  |TAMS 0x0000000085900000, 0x0000000085900000| Untracked 
|  60|0x0000000085a00000, 0x0000000085a00000, 0x0000000085b00000|  0%| F|  |TAMS 0x0000000085a00000, 0x0000000085a00000| Untracked 
|  61|0x0000000085b00000, 0x0000000085b00000, 0x0000000085c00000|  0%| F|  |TAMS 0x0000000085b00000, 0x0000000085b00000| Untracked 
|  62|0x0000000085c00000, 0x0000000085c00000, 0x0000000085d00000|  0%| F|  |TAMS 0x0000000085c00000, 0x0000000085c00000| Untracked 
|  63|0x0000000085d00000, 0x0000000085d00000, 0x0000000085e00000|  0%| F|  |TAMS 0x0000000085d00000, 0x0000000085d00000| Untracked 
|  64|0x0000000085e00000, 0x0000000085e00000, 0x0000000085f00000|  0%| F|  |TAMS 0x0000000085e00000, 0x0000000085e00000| Untracked 
|  65|0x0000000085f00000, 0x0000000085f00000, 0x0000000086000000|  0%| F|  |TAMS 0x0000000085f00000, 0x0000000085f00000| Untracked 
|  66|0x0000000086000000, 0x0000000086000000, 0x0000000086100000|  0%| F|  |TAMS 0x0000000086000000, 0x0000000086000000| Untracked 
|  67|0x0000000086100000, 0x0000000086100000, 0x0000000086200000|  0%| F|  |TAMS 0x0000000086100000, 0x0000000086100000| Untracked 
|  68|0x0000000086200000, 0x0000000086200000, 0x0000000086300000|  0%| F|  |TAMS 0x0000000086200000, 0x0000000086200000| Untracked 
|  69|0x0000000086300000, 0x0000000086300000, 0x0000000086400000|  0%| F|  |TAMS 0x0000000086300000, 0x0000000086300000| Untracked 
|  70|0x0000000086400000, 0x0000000086400000, 0x0000000086500000|  0%| F|  |TAMS 0x0000000086400000, 0x0000000086400000| Untracked 
|  71|0x0000000086500000, 0x0000000086500000, 0x0000000086600000|  0%| F|  |TAMS 0x0000000086500000, 0x0000000086500000| Untracked 
|  72|0x0000000086600000, 0x0000000086600000, 0x0000000086700000|  0%| F|  |TAMS 0x0000000086600000, 0x0000000086600000| Untracked 
|  73|0x0000000086700000, 0x0000000086700000, 0x0000000086800000|  0%| F|  |TAMS 0x0000000086700000, 0x0000000086700000| Untracked 
|  74|0x0000000086800000, 0x0000000086800000, 0x0000000086900000|  0%| F|  |TAMS 0x0000000086800000, 0x0000000086800000| Untracked 
|  75|0x0000000086900000, 0x0000000086900000, 0x0000000086a00000|  0%| F|  |TAMS 0x0000000086900000, 0x0000000086900000| Untracked 
|  76|0x0000000086a00000, 0x0000000086a00000, 0x0000000086b00000|  0%| F|  |TAMS 0x0000000086a00000, 0x0000000086a00000| Untracked 
|  77|0x0000000086b00000, 0x0000000086b00000, 0x0000000086c00000|  0%| F|  |TAMS 0x0000000086b00000, 0x0000000086b00000| Untracked 
|  78|0x0000000086c00000, 0x0000000086c00000, 0x0000000086d00000|  0%| F|  |TAMS 0x0000000086c00000, 0x0000000086c00000| Untracked 
|  79|0x0000000086d00000, 0x0000000086d00000, 0x0000000086e00000|  0%| F|  |TAMS 0x0000000086d00000, 0x0000000086d00000| Untracked 
|  80|0x0000000086e00000, 0x0000000086e00000, 0x0000000086f00000|  0%| F|  |TAMS 0x0000000086e00000, 0x0000000086e00000| Untracked 
|  81|0x0000000086f00000, 0x0000000086f00000, 0x0000000087000000|  0%| F|  |TAMS 0x0000000086f00000, 0x0000000086f00000| Untracked 
|  82|0x0000000087000000, 0x0000000087000000, 0x0000000087100000|  0%| F|  |TAMS 0x0000000087000000, 0x0000000087000000| Untracked 
|  83|0x0000000087100000, 0x0000000087100000, 0x0000000087200000|  0%| F|  |TAMS 0x0000000087100000, 0x0000000087100000| Untracked 
|  84|0x0000000087200000, 0x0000000087200000, 0x0000000087300000|  0%| F|  |TAMS 0x0000000087200000, 0x0000000087200000| Untracked 
|  85|0x0000000087300000, 0x0000000087300000, 0x0000000087400000|  0%| F|  |TAMS 0x0000000087300000, 0x0000000087300000| Untracked 
|  86|0x0000000087400000, 0x0000000087400000, 0x0000000087500000|  0%| F|  |TAMS 0x0000000087400000, 0x0000000087400000| Untracked 
|  87|0x0000000087500000, 0x0000000087500000, 0x0000000087600000|  0%| F|  |TAMS 0x0000000087500000, 0x0000000087500000| Untracked 
|  88|0x0000000087600000, 0x0000000087600000, 0x0000000087700000|  0%| F|  |TAMS 0x0000000087600000, 0x0000000087600000| Untracked 
|  89|0x0000000087700000, 0x0000000087700000, 0x0000000087800000|  0%| F|  |TAMS 0x0000000087700000, 0x0000000087700000| Untracked 
|  90|0x0000000087800000, 0x0000000087800000, 0x0000000087900000|  0%| F|  |TAMS 0x0000000087800000, 0x0000000087800000| Untracked 
|  91|0x0000000087900000, 0x0000000087900000, 0x0000000087a00000|  0%| F|  |TAMS 0x0000000087900000, 0x0000000087900000| Untracked 
|  92|0x0000000087a00000, 0x0000000087a00000, 0x0000000087b00000|  0%| F|  |TAMS 0x0000000087a00000, 0x0000000087a00000| Untracked 
|  93|0x0000000087b00000, 0x0000000087b00000, 0x0000000087c00000|  0%| F|  |TAMS 0x0000000087b00000, 0x0000000087b00000| Untracked 
|  94|0x0000000087c00000, 0x0000000087c00000, 0x0000000087d00000|  0%| F|  |TAMS 0x0000000087c00000, 0x0000000087c00000| Untracked 
|  95|0x0000000087d00000, 0x0000000087d00000, 0x0000000087e00000|  0%| F|  |TAMS 0x0000000087d00000, 0x0000000087d00000| Untracked 
|  96|0x0000000087e00000, 0x0000000087e00000, 0x0000000087f00000|  0%| F|  |TAMS 0x0000000087e00000, 0x0000000087e00000| Untracked 
|  97|0x0000000087f00000, 0x0000000087f00000, 0x0000000088000000|  0%| F|  |TAMS 0x0000000087f00000, 0x0000000087f00000| Untracked 
|  98|0x0000000088000000, 0x0000000088000000, 0x0000000088100000|  0%| F|  |TAMS 0x0000000088000000, 0x0000000088000000| Untracked 
|  99|0x0000000088100000, 0x0000000088100000, 0x0000000088200000|  0%| F|  |TAMS 0x0000000088100000, 0x0000000088100000| Untracked 
| 100|0x0000000088200000, 0x0000000088200000, 0x0000000088300000|  0%| F|  |TAMS 0x0000000088200000, 0x0000000088200000| Untracked 
| 101|0x0000000088300000, 0x0000000088300000, 0x0000000088400000|  0%| F|  |TAMS 0x0000000088300000, 0x0000000088300000| Untracked 
| 102|0x0000000088400000, 0x0000000088400000, 0x0000000088500000|  0%| F|  |TAMS 0x0000000088400000, 0x0000000088400000| Untracked 
| 103|0x0000000088500000, 0x0000000088500000, 0x0000000088600000|  0%| F|  |TAMS 0x0000000088500000, 0x0000000088500000| Untracked 
| 104|0x0000000088600000, 0x0000000088600000, 0x0000000088700000|  0%| F|  |TAMS 0x0000000088600000, 0x0000000088600000| Untracked 
| 105|0x0000000088700000, 0x0000000088700000, 0x0000000088800000|  0%| F|  |TAMS 0x0000000088700000, 0x0000000088700000| Untracked 
| 106|0x0000000088800000, 0x0000000088800000, 0x0000000088900000|  0%| F|  |TAMS 0x0000000088800000, 0x0000000088800000| Untracked 
| 107|0x0000000088900000, 0x0000000088900000, 0x0000000088a00000|  0%| F|  |TAMS 0x0000000088900000, 0x0000000088900000| Untracked 
| 108|0x0000000088a00000, 0x0000000088a00000, 0x0000000088b00000|  0%| F|  |TAMS 0x0000000088a00000, 0x0000000088a00000| Untracked 
| 109|0x0000000088b00000, 0x0000000088b00000, 0x0000000088c00000|  0%| F|  |TAMS 0x0000000088b00000, 0x0000000088b00000| Untracked 
| 110|0x0000000088c00000, 0x0000000088c00000, 0x0000000088d00000|  0%| F|  |TAMS 0x0000000088c00000, 0x0000000088c00000| Untracked 
| 111|0x0000000088d00000, 0x0000000088d00000, 0x0000000088e00000|  0%| F|  |TAMS 0x0000000088d00000, 0x0000000088d00000| Untracked 
| 112|0x0000000088e00000, 0x0000000088e00000, 0x0000000088f00000|  0%| F|  |TAMS 0x0000000088e00000, 0x0000000088e00000| Untracked 
| 113|0x0000000088f00000, 0x0000000088f00000, 0x0000000089000000|  0%| F|  |TAMS 0x0000000088f00000, 0x0000000088f00000| Untracked 
| 114|0x0000000089000000, 0x0000000089000000, 0x0000000089100000|  0%| F|  |TAMS 0x0000000089000000, 0x0000000089000000| Untracked 
| 115|0x0000000089100000, 0x0000000089100000, 0x0000000089200000|  0%| F|  |TAMS 0x0000000089100000, 0x0000000089100000| Untracked 
| 116|0x0000000089200000, 0x0000000089200000, 0x0000000089300000|  0%| F|  |TAMS 0x0000000089200000, 0x0000000089200000| Untracked 
| 117|0x0000000089300000, 0x0000000089300000, 0x0000000089400000|  0%| F|  |TAMS 0x0000000089300000, 0x0000000089300000| Untracked 
| 118|0x0000000089400000, 0x0000000089400000, 0x0000000089500000|  0%| F|  |TAMS 0x0000000089400000, 0x0000000089400000| Untracked 
| 119|0x0000000089500000, 0x0000000089500000, 0x0000000089600000|  0%| F|  |TAMS 0x0000000089500000, 0x0000000089500000| Untracked 
| 120|0x0000000089600000, 0x0000000089600000, 0x0000000089700000|  0%| F|  |TAMS 0x0000000089600000, 0x0000000089600000| Untracked 
| 121|0x0000000089700000, 0x0000000089700000, 0x0000000089800000|  0%| F|  |TAMS 0x0000000089700000, 0x0000000089700000| Untracked 
| 122|0x0000000089800000, 0x0000000089800000, 0x0000000089900000|  0%| F|  |TAMS 0x0000000089800000, 0x0000000089800000| Untracked 
| 123|0x0000000089900000, 0x0000000089900000, 0x0000000089a00000|  0%| F|  |TAMS 0x0000000089900000, 0x0000000089900000| Untracked 
| 124|0x0000000089a00000, 0x0000000089a00800, 0x0000000089b00000|  0%| E|  |TAMS 0x0000000089a00000, 0x0000000089a00000| Complete 
| 125|0x0000000089b00000, 0x0000000089c00000, 0x0000000089c00000|100%| E|CS|TAMS 0x0000000089b00000, 0x0000000089b00000| Complete 
| 126|0x0000000089c00000, 0x0000000089c05480, 0x0000000089d00000|  2%| S|CS|TAMS 0x0000000089c00000, 0x0000000089c00000| Complete 
| 127|0x0000000089d00000, 0x0000000089e00000, 0x0000000089e00000|100%| E|CS|TAMS 0x0000000089d00000, 0x0000000089d00000| Complete 

Card table byte_map: [0x0000028ed25d0000,0x0000028ed29d0000] _byte_map_base: 0x0000028ed21c1000

Marking Bits (Prev, Next): (CMBitMap*) 0x0000028ebb8ef560, (CMBitMap*) 0x0000028ebb8ef5a0
 Prev Bits: [0x0000028ed2dd0000, 0x0000028ed4d58000)
 Next Bits: [0x0000028ed4d60000, 0x0000028ed6ce8000)

Polling page: 0x0000028eb9840000

Metaspace:

Usage:
  Non-class:      9.38 MB used.
      Class:      1.16 MB used.
       Both:     10.54 MB used.

Virtual space:
  Non-class space:       64.00 MB reserved,       9.44 MB ( 15%) committed,  1 nodes.
      Class space:        1.00 GB reserved,       1.25 MB ( <1%) committed,  1 nodes.
             Both:        1.06 GB reserved,      10.69 MB ( <1%) committed. 

Chunk freelists:
   Non-Class:  2.25 MB
       Class:  2.71 MB
        Both:  4.97 MB

MaxMetaspaceSize: unlimited
CompressedClassSpaceSize: 1.00 GB
Initial GC threshold: 21.00 MB
Current GC threshold: 21.00 MB
CDS: on
MetaspaceReclaimPolicy: balanced
 - commit_granule_bytes: 65536.
 - commit_granule_words: 8192.
 - virtual_space_node_default_size: 8388608.
 - enlarge_chunks_in_place: 1.
 - new_chunks_are_fully_committed: 0.
 - uncommit_free_chunks: 1.
 - use_allocation_guard: 0.


Internal statistics:

num_allocs_failed_limit: 0.
num_arena_births: 126.
num_arena_deaths: 0.
num_vsnodes_births: 2.
num_vsnodes_deaths: 0.
num_space_committed: 171.
num_space_uncommitted: 0.
num_chunks_returned_to_freelist: 0.
num_chunks_taken_from_freelist: 175.
num_chunk_merges: 0.
num_chunk_splits: 111.
num_chunks_enlarged: 72.
num_inconsistent_stats: 0.

CodeHeap 'non-profiled nmethods': size=120000Kb used=402Kb max_used=402Kb free=119597Kb
 bounds [0x0000028ecaca0000, 0x0000028ecaf10000, 0x0000028ed21d0000]
CodeHeap 'profiled nmethods': size=120000Kb used=2600Kb max_used=2600Kb free=117399Kb
 bounds [0x0000028ec3770000, 0x0000028ec3a00000, 0x0000028ecaca0000]
CodeHeap 'non-nmethods': size=5760Kb used=1487Kb max_used=1503Kb free=4272Kb
 bounds [0x0000028ec31d0000, 0x0000028ec3440000, 0x0000028ec3770000]
 total_blobs=2389 nmethods=1518 adapters=784
 compilation: enabled
              stopped_count=0, restarted_count=0
 full_count=0

Compilation events (20 events):
Event: 37.420 Thread 0x0000028ed916ed10 1509       3       sun.font.CMap::getControlCodeGlyph (60 bytes)
Event: 37.421 Thread 0x0000028ed916ed10 nmethod 1509 0x0000028ec39f5f90 code [0x0000028ec39f6140, 0x0000028ec39f6418]
Event: 37.446 Thread 0x0000028ed916e0b0 1510 %     4       java.util.Arrays::fill @ 5 (21 bytes)
Event: 37.450 Thread 0x0000028ed916e0b0 nmethod 1510% 0x0000028ecad03110 code [0x0000028ecad032a0, 0x0000028ecad03458]
Event: 37.456 Thread 0x0000028ed916e0b0 1511 %     4       com.sun.imageio.plugins.bmp.BMPImageReader::read24Bit @ 65 (574 bytes)
Event: 37.463 Thread 0x0000028ed916e0b0 nmethod 1511% 0x0000028ecad03590 code [0x0000028ecad03760, 0x0000028ecad03ce8]
Event: 37.467 Thread 0x0000028ed916ed10 1512       3       java.awt.LightweightDispatcher::dispatchEvent (73 bytes)
Event: 37.467 Thread 0x0000028ed916ed10 nmethod 1512 0x0000028ec39f6490 code [0x0000028ec39f6680, 0x0000028ec39f6e28]
Event: 45.919 Thread 0x0000028ed916ed10 1513       1       java.awt.event.MouseEvent::getXOnScreen (5 bytes)
Event: 45.919 Thread 0x0000028ed916ed10 nmethod 1513 0x0000028ecad04210 code [0x0000028ecad043a0, 0x0000028ecad04478]
Event: 45.919 Thread 0x0000028ed916ed10 1514       1       java.awt.event.MouseEvent::getYOnScreen (5 bytes)
Event: 45.919 Thread 0x0000028ed916ed10 nmethod 1514 0x0000028ecad04510 code [0x0000028ecad046a0, 0x0000028ecad04778]
Event: 45.919 Thread 0x0000028ed916ed10 1515       1       java.awt.event.MouseEvent::getClickCount (5 bytes)
Event: 45.920 Thread 0x0000028ed916ed10 nmethod 1515 0x0000028ecad04810 code [0x0000028ecad049a0, 0x0000028ecad04a78]
Event: 46.453 Thread 0x0000028ed916ed10 1516   !   3       sun.awt.AWTAutoShutdown::notifyThreadFree (74 bytes)
Event: 46.454 Thread 0x0000028ed916ed10 nmethod 1516 0x0000028ec39f6f90 code [0x0000028ec39f7180, 0x0000028ec39f7668]
Event: 46.454 Thread 0x0000028ed916ed10 1517   !   3       java.util.concurrent.locks.AbstractQueuedSynchronizer$ConditionObject::await (183 bytes)
Event: 46.456 Thread 0x0000028ed916ed10 nmethod 1517 0x0000028ec39f7910 code [0x0000028ec39f7c60, 0x0000028ec39f90d8]
Event: 46.572 Thread 0x0000028ed916ed10 1518       3       java.util.concurrent.locks.AbstractQueuedSynchronizer::enqueue (60 bytes)
Event: 46.573 Thread 0x0000028ed916ed10 nmethod 1518 0x0000028ec39f9910 code [0x0000028ec39f9b00, 0x0000028ec39f9f98]

GC Heap History (20 events):
Event: 17.810 GC heap before
{Heap before GC invocations=0 (full 0):
 garbage-first heap   total 131072K, used 67584K [0x0000000081e00000, 0x0000000100000000)
  region size 1024K, 10 young (10240K), 0 survivors (0K)
 Metaspace       used 10638K, committed 10816K, reserved 1114112K
  class space    used 1184K, committed 1280K, reserved 1048576K
}
Event: 17.817 GC heap after
{Heap after GC invocations=1 (full 0):
 garbage-first heap   total 131072K, used 33105K [0x0000000081e00000, 0x0000000100000000)
  region size 1024K, 2 young (2048K), 2 survivors (2048K)
 Metaspace       used 10638K, committed 10816K, reserved 1114112K
  class space    used 1184K, committed 1280K, reserved 1048576K
}
Event: 19.586 GC heap before
{Heap before GC invocations=1 (full 0):
 garbage-first heap   total 131072K, used 59729K [0x0000000081e00000, 0x0000000100000000)
  region size 1024K, 3 young (3072K), 2 survivors (2048K)
 Metaspace       used 10661K, committed 10816K, reserved 1114112K
  class space    used 1184K, committed 1280K, reserved 1048576K
}
Event: 19.589 GC heap after
{Heap after GC invocations=2 (full 0):
 garbage-first heap   total 131072K, used 19148K [0x0000000081e00000, 0x0000000100000000)
  region size 1024K, 1 young (1024K), 1 survivors (1024K)
 Metaspace       used 10661K, committed 10816K, reserved 1114112K
  class space    used 1184K, committed 1280K, reserved 1048576K
}
Event: 22.233 GC heap before
{Heap before GC invocations=2 (full 0):
 garbage-first heap   total 131072K, used 58060K [0x0000000081e00000, 0x0000000100000000)
  region size 1024K, 2 young (2048K), 1 survivors (1024K)
 Metaspace       used 10675K, committed 10880K, reserved 1114112K
  class space    used 1184K, committed 1280K, reserved 1048576K
}
Event: 22.234 GC heap after
{Heap after GC invocations=3 (full 0):
 garbage-first heap   total 131072K, used 24977K [0x0000000081e00000, 0x0000000100000000)
  region size 1024K, 1 young (1024K), 1 survivors (1024K)
 Metaspace       used 10675K, committed 10880K, reserved 1114112K
  class space    used 1184K, committed 1280K, reserved 1048576K
}
Event: 24.263 GC heap before
{Heap before GC invocations=3 (full 0):
 garbage-first heap   total 131072K, used 57745K [0x0000000081e00000, 0x0000000100000000)
  region size 1024K, 2 young (2048K), 1 survivors (1024K)
 Metaspace       used 10680K, committed 10880K, reserved 1114112K
  class space    used 1184K, committed 1280K, reserved 1048576K
}
Event: 24.264 GC heap after
{Heap after GC invocations=4 (full 0):
 garbage-first heap   total 131072K, used 21853K [0x0000000081e00000, 0x0000000100000000)
  region size 1024K, 1 young (1024K), 1 survivors (1024K)
 Metaspace       used 10680K, committed 10880K, reserved 1114112K
  class space    used 1184K, committed 1280K, reserved 1048576K
}
Event: 26.477 GC heap before
{Heap before GC invocations=4 (full 0):
 garbage-first heap   total 131072K, used 58717K [0x0000000081e00000, 0x0000000100000000)
  region size 1024K, 3 young (3072K), 1 survivors (1024K)
 Metaspace       used 10691K, committed 10880K, reserved 1114112K
  class space    used 1184K, committed 1280K, reserved 1048576K
}
Event: 26.478 GC heap after
{Heap after GC invocations=5 (full 0):
 garbage-first heap   total 131072K, used 22865K [0x0000000081e00000, 0x0000000100000000)
  region size 1024K, 1 young (1024K), 1 survivors (1024K)
 Metaspace       used 10691K, committed 10880K, reserved 1114112K
  class space    used 1184K, committed 1280K, reserved 1048576K
}
Event: 28.629 GC heap before
{Heap before GC invocations=5 (full 0):
 garbage-first heap   total 131072K, used 57681K [0x0000000081e00000, 0x0000000100000000)
  region size 1024K, 2 young (2048K), 1 survivors (1024K)
 Metaspace       used 10701K, committed 10880K, reserved 1114112K
  class space    used 1184K, committed 1280K, reserved 1048576K
}
Event: 28.630 GC heap after
{Heap after GC invocations=6 (full 0):
 garbage-first heap   total 131072K, used 21839K [0x0000000081e00000, 0x0000000100000000)
  region size 1024K, 1 young (1024K), 1 survivors (1024K)
 Metaspace       used 10701K, committed 10880K, reserved 1114112K
  class space    used 1184K, committed 1280K, reserved 1048576K
}
Event: 30.848 GC heap before
{Heap before GC invocations=6 (full 0):
 garbage-first heap   total 131072K, used 58703K [0x0000000081e00000, 0x0000000100000000)
  region size 1024K, 3 young (3072K), 1 survivors (1024K)
 Metaspace       used 10727K, committed 10944K, reserved 1114112K
  class space    used 1184K, committed 1280K, reserved 1048576K
}
Event: 30.849 GC heap after
{Heap after GC invocations=7 (full 0):
 garbage-first heap   total 131072K, used 22876K [0x0000000081e00000, 0x0000000100000000)
  region size 1024K, 1 young (1024K), 1 survivors (1024K)
 Metaspace       used 10727K, committed 10944K, reserved 1114112K
  class space    used 1184K, committed 1280K, reserved 1048576K
}
Event: 33.062 GC heap before
{Heap before GC invocations=7 (full 0):
 garbage-first heap   total 131072K, used 57692K [0x0000000081e00000, 0x0000000100000000)
  region size 1024K, 2 young (2048K), 1 survivors (1024K)
 Metaspace       used 10734K, committed 10944K, reserved 1114112K
  class space    used 1184K, committed 1280K, reserved 1048576K
}
Event: 33.063 GC heap after
{Heap after GC invocations=8 (full 0):
 garbage-first heap   total 131072K, used 22878K [0x0000000081e00000, 0x0000000100000000)
  region size 1024K, 1 young (1024K), 1 survivors (1024K)
 Metaspace       used 10734K, committed 10944K, reserved 1114112K
  class space    used 1184K, committed 1280K, reserved 1048576K
}
Event: 34.823 GC heap before
{Heap before GC invocations=8 (full 0):
 garbage-first heap   total 131072K, used 58718K [0x0000000081e00000, 0x0000000100000000)
  region size 1024K, 3 young (3072K), 1 survivors (1024K)
 Metaspace       used 10745K, committed 10944K, reserved 1114112K
  class space    used 1184K, committed 1280K, reserved 1048576K
}
Event: 34.824 GC heap after
{Heap after GC invocations=9 (full 0):
 garbage-first heap   total 131072K, used 22878K [0x0000000081e00000, 0x0000000100000000)
  region size 1024K, 1 young (1024K), 1 survivors (1024K)
 Metaspace       used 10745K, committed 10944K, reserved 1114112K
  class space    used 1184K, committed 1280K, reserved 1048576K
}
Event: 36.588 GC heap before
{Heap before GC invocations=9 (full 0):
 garbage-first heap   total 131072K, used 57694K [0x0000000081e00000, 0x0000000100000000)
  region size 1024K, 2 young (2048K), 1 survivors (1024K)
 Metaspace       used 10763K, committed 10944K, reserved 1114112K
  class space    used 1184K, committed 1280K, reserved 1048576K
}
Event: 36.589 GC heap after
{Heap after GC invocations=10 (full 0):
 garbage-first heap   total 131072K, used 22876K [0x0000000081e00000, 0x0000000100000000)
  region size 1024K, 1 young (1024K), 1 survivors (1024K)
 Metaspace       used 10763K, committed 10944K, reserved 1114112K
  class space    used 1184K, committed 1280K, reserved 1048576K
}

Deoptimization events (20 events):
Event: 0.981 Thread 0x0000028edd6ee780 Uncommon trap: trap_request=0xffffff45 fr.pc=0x0000028ecacc77e4 relative=0x00000000000004a4
Event: 0.981 Thread 0x0000028edd6ee780 Uncommon trap: reason=unstable_if action=reinterpret pc=0x0000028ecacc77e4 method=java.lang.StringLatin1.toLowerCase(Ljava/lang/String;[BLjava/util/Locale;)Ljava/lang/String; @ 43 c2
Event: 0.981 Thread 0x0000028edd6ee780 DEOPT PACKING pc=0x0000028ecacc77e4 sp=0x000000d6482fcad0
Event: 0.981 Thread 0x0000028edd6ee780 DEOPT UNPACKING pc=0x0000028ec32223a3 sp=0x000000d6482fca40 mode 2
Event: 6.503 Thread 0x0000028edd6ee780 Uncommon trap: trap_request=0xffffffde fr.pc=0x0000028ecacbd428 relative=0x00000000000001a8
Event: 6.503 Thread 0x0000028edd6ee780 Uncommon trap: reason=class_check action=maybe_recompile pc=0x0000028ecacbd428 method=java.lang.String.equals(Ljava/lang/Object;)Z @ 8 c2
Event: 6.503 Thread 0x0000028edd6ee780 DEOPT PACKING pc=0x0000028ecacbd428 sp=0x000000d6482fe1e0
Event: 6.503 Thread 0x0000028edd6ee780 DEOPT UNPACKING pc=0x0000028ec32223a3 sp=0x000000d6482fe188 mode 2
Event: 6.503 Thread 0x0000028edd6ee780 Uncommon trap: trap_request=0xffffffde fr.pc=0x0000028ecacbd428 relative=0x00000000000001a8
Event: 6.503 Thread 0x0000028edd6ee780 Uncommon trap: reason=class_check action=maybe_recompile pc=0x0000028ecacbd428 method=java.lang.String.equals(Ljava/lang/Object;)Z @ 8 c2
Event: 6.503 Thread 0x0000028edd6ee780 DEOPT PACKING pc=0x0000028ecacbd428 sp=0x000000d6482fe1e0
Event: 6.503 Thread 0x0000028edd6ee780 DEOPT UNPACKING pc=0x0000028ec32223a3 sp=0x000000d6482fe188 mode 2
Event: 8.310 Thread 0x0000028edd6ee780 Uncommon trap: trap_request=0xffffffde fr.pc=0x0000028ecacbd428 relative=0x00000000000001a8
Event: 8.310 Thread 0x0000028edd6ee780 Uncommon trap: reason=class_check action=maybe_recompile pc=0x0000028ecacbd428 method=java.lang.String.equals(Ljava/lang/Object;)Z @ 8 c2
Event: 8.310 Thread 0x0000028edd6ee780 DEOPT PACKING pc=0x0000028ecacbd428 sp=0x000000d6482fe3d0
Event: 8.310 Thread 0x0000028edd6ee780 DEOPT UNPACKING pc=0x0000028ec32223a3 sp=0x000000d6482fe378 mode 2
Event: 14.251 Thread 0x0000028edd64f6e0 DEOPT PACKING pc=0x0000028ec378bfe7 sp=0x000000d6484fdd90
Event: 14.251 Thread 0x0000028edd64f6e0 DEOPT UNPACKING pc=0x0000028ec3222b43 sp=0x000000d6484fd1b0 mode 0
Event: 25.665 Thread 0x0000028edd64f6e0 DEOPT PACKING pc=0x0000028ec39829fe sp=0x000000d6484fe400
Event: 25.665 Thread 0x0000028edd64f6e0 DEOPT UNPACKING pc=0x0000028ec3222b43 sp=0x000000d6484fd858 mode 0

Classes loaded (20 events):
Event: 14.380 Loading class java/awt/image/ComponentSampleModel done
Event: 14.380 Loading class java/awt/image/PixelInterleavedSampleModel done
Event: 14.381 Loading class com/sun/imageio/plugins/common/ImageUtil
Event: 14.381 Loading class com/sun/imageio/plugins/common/ImageUtil done
Event: 14.381 Loading class java/awt/image/ComponentColorModel
Event: 14.382 Loading class java/awt/image/ComponentColorModel done
Event: 14.382 Loading class java/awt/image/DataBufferByte
Event: 14.383 Loading class java/awt/image/DataBufferByte done
Event: 14.383 Loading class sun/awt/image/ByteInterleavedRaster
Event: 14.384 Loading class sun/awt/image/ByteComponentRaster
Event: 14.384 Loading class sun/awt/image/ByteComponentRaster done
Event: 14.384 Loading class sun/awt/image/ByteInterleavedRaster done
Event: 14.385 Loading class sun/awt/image/ShortComponentRaster
Event: 14.386 Loading class sun/awt/image/ShortComponentRaster done
Event: 14.404 Loading class sun/awt/image/BufImgSurfaceManager
Event: 14.404 Loading class sun/awt/image/BufImgSurfaceManager done
Event: 48.956 Loading class java/util/WeakHashMap$KeyIterator
Event: 48.958 Loading class java/util/WeakHashMap$HashIterator
Event: 48.959 Loading class java/util/WeakHashMap$HashIterator done
Event: 48.959 Loading class java/util/WeakHashMap$KeyIterator done

Classes unloaded (0 events):
No events

Classes redefined (0 events):
No events

Internal exceptions (14 events):
Event: 0.127 Thread 0x0000028ebb890620 Exception <a 'java/lang/ClassNotFoundException'{0x0000000089c500b0}: sun/awt/resources/spi/awtProvider> (0x0000000089c500b0) 
thrown [s\open\src\hotspot\share\classfile\systemDictionary.cpp, line 255]
Event: 0.166 Thread 0x0000028ebb890620 Exception <a 'java/io/FileNotFoundException'{0x0000000089ca5490}> (0x0000000089ca5490) 
thrown [s\open\src\hotspot\share\prims\jni.cpp, line 516]
Event: 0.174 Thread 0x0000028ebb890620 Exception <a 'java/io/FileNotFoundException'{0x0000000089cd26c8}> (0x0000000089cd26c8) 
thrown [s\open\src\hotspot\share\prims\jni.cpp, line 516]
Event: 0.304 Thread 0x0000028ebb890620 Exception <a 'java/lang/NoSuchMethodError'{0x0000000089b4b6a8}: 'java.lang.Object java.lang.invoke.DirectMethodHandle$Holder.invokeStaticInit(java.lang.Object)'> (0x0000000089b4b6a8) 
thrown [s\open\src\hotspot\share\interpreter\linkResolver.cpp, line 759]
Event: 0.421 Thread 0x0000028edd6ee780 Exception <a 'java/lang/NoSuchMethodError'{0x0000000089a326c8}: 'void java.lang.invoke.DirectMethodHandle$Holder.invokeSpecial(java.lang.Object, java.lang.Object, java.lang.Object)'> (0x0000000089a326c8) 
thrown [s\open\src\hotspot\share\interpreter\linkResolver.cpp, line 759]
Event: 0.444 Thread 0x0000028edd6ee780 Exception <a 'java/lang/NoSuchMethodError'{0x0000000089a5d980}: 'java.lang.Object java.lang.invoke.DirectMethodHandle$Holder.newInvokeSpecial(java.lang.Object, java.lang.Object, java.lang.Object, java.lang.Object, java.lang.Object)'> (0x0000000089a5d980) 
thrown [s\open\src\hotspot\share\interpreter\linkResolver.cpp, line 759]
Event: 0.459 Thread 0x0000028edd6ee780 Exception <a 'java/lang/NoSuchMethodError'{0x0000000089a8f700}: 'java.lang.Object java.lang.invoke.DirectMethodHandle$Holder.invokeStatic(java.lang.Object, int, java.lang.Object)'> (0x0000000089a8f700) 
thrown [s\open\src\hotspot\share\interpreter\linkResolver.cpp, line 759]
Event: 0.516 Thread 0x0000028edd6ee780 Exception <a 'java/lang/ClassNotFoundException'{0x000000008994cb98}: com/sun/swing/internal/plaf/metal/resources/spi/metalProvider> (0x000000008994cb98) 
thrown [s\open\src\hotspot\share\classfile\systemDictionary.cpp, line 255]
Event: 0.518 Thread 0x0000028edd6ee780 Exception <a 'java/lang/ClassNotFoundException'{0x0000000089950b80}: com/sun/swing/internal/plaf/basic/resources/spi/basicProvider> (0x0000000089950b80) 
thrown [s\open\src\hotspot\share\classfile\systemDictionary.cpp, line 255]
Event: 0.538 Thread 0x0000028edd6ee780 Exception <a 'java/lang/NoSuchMethodError'{0x0000000089971538}: 'int java.lang.invoke.Invokers$Holder.invokeExact_MT(java.lang.Object, java.lang.Object)'> (0x0000000089971538) 
thrown [s\open\src\hotspot\share\interpreter\linkResolver.cpp, line 759]
Event: 0.659 Thread 0x0000028edd6ae890 Exception <a 'java/lang/NoSuchMethodError'{0x0000000089b6df40}: 'void java.lang.invoke.DirectMethodHandle$Holder.invokeVirtual(java.lang.Object, java.lang.Object)'> (0x0000000089b6df40) 
thrown [s\open\src\hotspot\share\interpreter\linkResolver.cpp, line 759]
Event: 0.687 Thread 0x0000028edd6ee780 Exception <a 'java/lang/NoSuchMethodError'{0x00000000899e3288}: 'void java.lang.invoke.DirectMethodHandle$Holder.invokeStaticInit(java.lang.Object)'> (0x00000000899e3288) 
thrown [s\open\src\hotspot\share\interpreter\linkResolver.cpp, line 759]
Event: 14.271 Thread 0x0000028edd64f6e0 Exception <a 'java/lang/NoSuchMethodError'{0x00000000895c30c8}: 'java.lang.Object java.lang.invoke.DirectMethodHandle$Holder.invokeStaticInit(java.lang.Object, int, int, int, int)'> (0x00000000895c30c8) 
thrown [s\open\src\hotspot\share\interpreter\linkResolver.cpp, line 759]
Event: 14.364 Thread 0x0000028edd64f6e0 Exception <a 'java/lang/NoSuchMethodError'{0x00000000894224a8}: 'java.lang.Object java.lang.invoke.DirectMethodHandle$Holder.invokeStaticInit(java.lang.Object, java.lang.Object, int, int, int, int)'> (0x00000000894224a8) 
thrown [s\open\src\hotspot\share\interpreter\linkResolver.cpp, line 759]

VM Operations (20 events):
Event: 28.630 Executing VM operation: G1TryInitiateConcMark done
Event: 30.848 Executing VM operation: G1TryInitiateConcMark
Event: 30.849 Executing VM operation: G1TryInitiateConcMark done
Event: 31.852 Executing VM operation: Cleanup
Event: 31.852 Executing VM operation: Cleanup done
Event: 33.062 Executing VM operation: G1TryInitiateConcMark
Event: 33.063 Executing VM operation: G1TryInitiateConcMark done
Event: 34.075 Executing VM operation: Cleanup
Event: 34.075 Executing VM operation: Cleanup done
Event: 34.823 Executing VM operation: G1TryInitiateConcMark
Event: 34.824 Executing VM operation: G1TryInitiateConcMark done
Event: 35.824 Executing VM operation: Cleanup
Event: 35.824 Executing VM operation: Cleanup done
Event: 36.588 Executing VM operation: G1TryInitiateConcMark
Event: 36.589 Executing VM operation: G1TryInitiateConcMark done
Event: 37.590 Executing VM operation: Cleanup
Event: 37.590 Executing VM operation: Cleanup done
Event: 46.680 Executing VM operation: Cleanup
Event: 46.680 Executing VM operation: Cleanup done
Event: 49.065 Executing VM operation: Exit

Events (20 events):
Event: 0.142 Loaded shared library C:\Program Files\Java\jdk-18.0.2.1\bin\awt.dll
Event: 0.250 Loaded shared library C:\openCV\build\java\x64\opencv_java430.dll
Event: 0.306 Thread 0x0000028edd6a1430 Thread added: 0x0000028edd6a1430
Event: 0.307 Thread 0x0000028edd6ae000 Thread added: 0x0000028edd6ae000
Event: 0.309 Thread 0x0000028edd6ae890 Thread added: 0x0000028edd6ae890
Event: 0.328 Thread 0x0000028edd6ee780 Thread added: 0x0000028edd6ee780
Event: 0.331 Thread 0x0000028ebb890620 Thread exited: 0x0000028ebb890620
Event: 0.331 Thread 0x0000028ebb890620 Thread added: 0x0000028ebb890620
Event: 0.694 Loaded shared library C:\Program Files\Java\jdk-18.0.2.1\bin\freetype.dll
Event: 0.696 Loaded shared library C:\Program Files\Java\jdk-18.0.2.1\bin\fontmanager.dll
Event: 7.045 Thread 0x0000028edd648a10 Thread added: 0x0000028edd648a10
Event: 8.350 Thread 0x0000028edd64f6e0 Thread added: 0x0000028edd64f6e0
Event: 48.953 Thread 0x0000028ede5237e0 Thread added: 0x0000028ede5237e0
Event: 48.953 Thread 0x0000028ede521fd0 Thread added: 0x0000028ede521fd0
Event: 48.953 Thread 0x0000028ede522970 Thread added: 0x0000028ede522970
Event: 48.956 Thread 0x0000028ede521fd0 Thread exited: 0x0000028ede521fd0
Event: 48.959 Thread 0x0000028ede522970 Thread exited: 0x0000028ede522970
Event: 48.985 Thread 0x0000028edd6ae890 Thread exited: 0x0000028edd6ae890
Event: 49.063 Thread 0x0000028ede5237e0 Thread exited: 0x0000028ede5237e0
Event: 49.064 Thread 0x0000028ed9165f70 Thread exited: 0x0000028ed9165f70


Dynamic libraries:
0x00007ff7ef590000 - 0x00007ff7ef5a0000 	C:\Program Files\Java\jdk-18.0.2.1\bin\java.exe
0x00007ffba1670000 - 0x00007ffba1868000 	C:\Windows\SYSTEM32\ntdll.dll
0x00007ffba14d0000 - 0x00007ffba158f000 	C:\Windows\System32\KERNEL32.DLL
0x00007ffb9f250000 - 0x00007ffb9f52a000 	C:\Windows\System32\KERNELBASE.dll
0x00007ffb9f530000 - 0x00007ffb9f630000 	C:\Windows\System32\ucrtbase.dll
0x00007ffb98610000 - 0x00007ffb9862a000 	C:\Program Files\Java\jdk-18.0.2.1\bin\VCRUNTIME140.dll
0x00007ffb96dd0000 - 0x00007ffb96de8000 	C:\Program Files\Java\jdk-18.0.2.1\bin\jli.dll
0x00007ffb9fdd0000 - 0x00007ffb9fe7e000 	C:\Windows\System32\ADVAPI32.dll
0x00007ffba1070000 - 0x00007ffba110e000 	C:\Windows\System32\msvcrt.dll
0x00007ffba1590000 - 0x00007ffba162c000 	C:\Windows\System32\sechost.dll
0x00007ffba12b0000 - 0x00007ffba13d6000 	C:\Windows\System32\RPCRT4.dll
0x00007ffba0510000 - 0x00007ffba06ad000 	C:\Windows\System32\USER32.dll
0x00007ffb9f220000 - 0x00007ffb9f242000 	C:\Windows\System32\win32u.dll
0x00007ffb8d8d0000 - 0x00007ffb8db6a000 	C:\Windows\WinSxS\amd64_microsoft.windows.common-controls_6595b64144ccf1df_6.0.19041.1110_none_60b5254171f9507e\COMCTL32.dll
0x00007ffba1040000 - 0x00007ffba106b000 	C:\Windows\System32\GDI32.dll
0x00007ffb9ef90000 - 0x00007ffb9f0a0000 	C:\Windows\System32\gdi32full.dll
0x00007ffb9f130000 - 0x00007ffb9f1cd000 	C:\Windows\System32\msvcp_win.dll
0x00007ffb92870000 - 0x00007ffb9287a000 	C:\Windows\SYSTEM32\VERSION.dll
0x00007ffba07f0000 - 0x00007ffba0820000 	C:\Windows\System32\IMM32.DLL
0x00007ffb9a8a0000 - 0x00007ffb9a8ac000 	C:\Program Files\Java\jdk-18.0.2.1\bin\vcruntime140_1.dll
0x00007ffb85110000 - 0x00007ffb8519d000 	C:\Program Files\Java\jdk-18.0.2.1\bin\msvcp140.dll
0x00007ffb499a0000 - 0x00007ffb4a5b1000 	C:\Program Files\Java\jdk-18.0.2.1\bin\server\jvm.dll
0x00007ffb9fd60000 - 0x00007ffb9fd68000 	C:\Windows\System32\PSAPI.DLL
0x00007ffb62310000 - 0x00007ffb62319000 	C:\Windows\SYSTEM32\WSOCK32.dll
0x00007ffba13e0000 - 0x00007ffba144b000 	C:\Windows\System32\WS2_32.dll
0x00007ffb8e070000 - 0x00007ffb8e097000 	C:\Windows\SYSTEM32\WINMM.dll
0x00007ffb9cc00000 - 0x00007ffb9cc12000 	C:\Windows\SYSTEM32\kernel.appcore.dll
0x00007ffb96e00000 - 0x00007ffb96e0a000 	C:\Program Files\Java\jdk-18.0.2.1\bin\jimage.dll
0x00007ffb8d450000 - 0x00007ffb8d634000 	C:\Windows\SYSTEM32\DBGHELP.DLL
0x00007ffb8ca20000 - 0x00007ffb8ca54000 	C:\Windows\SYSTEM32\dbgcore.DLL
0x00007ffb9f0a0000 - 0x00007ffb9f122000 	C:\Windows\System32\bcryptPrimitives.dll
0x00007ffb870b0000 - 0x00007ffb870d5000 	C:\Program Files\Java\jdk-18.0.2.1\bin\java.dll
0x00007ffb851c0000 - 0x00007ffb85296000 	C:\Program Files\Java\jdk-18.0.2.1\bin\jsvml.dll
0x00007ffba0820000 - 0x00007ffba0f64000 	C:\Windows\System32\SHELL32.dll
0x00007ffb9ce00000 - 0x00007ffb9d593000 	C:\Windows\SYSTEM32\windows.storage.dll
0x00007ffb9fee0000 - 0x00007ffba0234000 	C:\Windows\System32\combase.dll
0x00007ffb9e700000 - 0x00007ffb9e72e000 	C:\Windows\SYSTEM32\Wldp.dll
0x00007ffb9fcb0000 - 0x00007ffb9fd5d000 	C:\Windows\System32\SHCORE.dll
0x00007ffba1250000 - 0x00007ffba12a5000 	C:\Windows\System32\shlwapi.dll
0x00007ffb9ecc0000 - 0x00007ffb9ecdf000 	C:\Windows\SYSTEM32\profapi.dll
0x00007ffb86bb0000 - 0x00007ffb86bc3000 	C:\Program Files\Java\jdk-18.0.2.1\bin\net.dll
0x00007ffb92660000 - 0x00007ffb9276a000 	C:\Windows\SYSTEM32\WINHTTP.dll
0x00007ffb9e4e0000 - 0x00007ffb9e54a000 	C:\Windows\system32\mswsock.dll
0x00007ffb852d0000 - 0x00007ffb852e6000 	C:\Program Files\Java\jdk-18.0.2.1\bin\nio.dll
0x00007ffb851a0000 - 0x00007ffb851b8000 	C:\Program Files\Java\jdk-18.0.2.1\bin\zip.dll
0x00007ffb81030000 - 0x00007ffb811bf000 	C:\Program Files\Java\jdk-18.0.2.1\bin\awt.dll
0x00007ffba0f70000 - 0x00007ffba103d000 	C:\Windows\System32\OLEAUT32.dll
0x00007ffb9c550000 - 0x00007ffb9c5e0000 	C:\Windows\SYSTEM32\apphelp.dll
0x00007ffb294b0000 - 0x00007ffb2c4b1000 	C:\openCV\build\java\x64\opencv_java430.dll
0x00007ffba06c0000 - 0x00007ffba07ea000 	C:\Windows\System32\ole32.dll
0x00007ffb979e0000 - 0x00007ffb97b9c000 	C:\Windows\SYSTEM32\MFPlat.DLL
0x00007ffb9f1d0000 - 0x00007ffb9f21e000 	C:\Windows\System32\cfgmgr32.dll
0x00007ffb67ea0000 - 0x00007ffb67f24000 	C:\Windows\SYSTEM32\MF.dll
0x00007ffb80ce0000 - 0x00007ffb80dea000 	C:\Windows\SYSTEM32\MFReadWrite.dll
0x00007ffb63ca0000 - 0x00007ffb6412e000 	C:\Windows\SYSTEM32\MFCORE.DLL
0x00007ffb9ee30000 - 0x00007ffb9ef86000 	C:\Windows\System32\CRYPT32.dll
0x00007ffb9f6a0000 - 0x00007ffb9f6c7000 	C:\Windows\System32\bcrypt.dll
0x00007ffb9e2c0000 - 0x00007ffb9e30b000 	C:\Windows\SYSTEM32\powrprof.dll
0x00007ffb97ea0000 - 0x00007ffb97ea9000 	C:\Windows\SYSTEM32\ksuser.dll
0x00007ffb9e670000 - 0x00007ffb9e67c000 	C:\Windows\SYSTEM32\CRYPTBASE.DLL
0x00007ffb97980000 - 0x00007ffb979b4000 	C:\Windows\SYSTEM32\RTWorkQ.DLL
0x00007ffb9e180000 - 0x00007ffb9e192000 	C:\Windows\SYSTEM32\UMPDC.dll
0x00007ffb9c640000 - 0x00007ffb9c6de000 	C:\Windows\system32\uxtheme.dll
0x00007ffba03f0000 - 0x00007ffba0504000 	C:\Windows\System32\MSCTF.dll
0x00007ffb9c810000 - 0x00007ffb9c83f000 	C:\Windows\system32\DWMAPI.DLL
0x00007ffb2c4c0000 - 0x00007ffb2c5e5000 	C:\Windows\system32\opengl32.dll
0x00007ffb49460000 - 0x00007ffb4948c000 	C:\Windows\SYSTEM32\GLU32.dll
0x00007ffb85050000 - 0x00007ffb850d6000 	C:\Program Files\Java\jdk-18.0.2.1\bin\freetype.dll
0x00007ffb84f30000 - 0x00007ffb84fd8000 	C:\Program Files\Java\jdk-18.0.2.1\bin\fontmanager.dll
0x00007ffb86550000 - 0x00007ffb86649000 	C:\Windows\SYSTEM32\textinputframework.dll
0x00007ffb9c320000 - 0x00007ffb9c412000 	C:\Windows\System32\CoreMessaging.dll
0x00007ffb9bfc0000 - 0x00007ffb9c31e000 	C:\Windows\System32\CoreUIComponents.dll
0x00007ffb9ded0000 - 0x00007ffb9df03000 	C:\Windows\SYSTEM32\ntmarta.dll
0x00007ffb9b8f0000 - 0x00007ffb9ba44000 	C:\Windows\SYSTEM32\wintypes.dll
0x00007ffb8e0a0000 - 0x00007ffb8e106000 	C:\Windows\system32\Oleacc.dll
0x00007ffb96cc0000 - 0x00007ffb96cf7000 	C:\Windows\SYSTEM32\CompPkgSup.DLL
0x00007ffb9fc00000 - 0x00007ffb9fca9000 	C:\Windows\System32\clbcatq.dll
0x00007ffb50450000 - 0x00007ffb50b76000 	C:\Windows\System32\Windows.Media.dll
0x00007ffb96b80000 - 0x00007ffb96c66000 	C:\Windows\System32\Windows.ApplicationModel.dll
0x00007ffb98710000 - 0x00007ffb98910000 	C:\Windows\System32\twinapi.appcore.dll
0x00007ffb95af0000 - 0x00007ffb95bf4000 	C:\Windows\System32\AppXDeploymentClient.dll
0x00007ffb803f0000 - 0x00007ffb8045d000 	C:\Windows\System32\FrameServerClient.dll
0x00007ffb686b0000 - 0x00007ffb68717000 	C:\Windows\System32\MFSENSORGROUP.dll
0x00007ffb99040000 - 0x00007ffb9904a000 	C:\Windows\SYSTEM32\AVRT.dll
0x00007ffb90800000 - 0x00007ffb9080d000 	C:\Windows\System32\vidcap.ax
0x00007ffb68970000 - 0x00007ffb68997000 	C:\Windows\System32\kswdmcap.ax
0x00007ffb63b30000 - 0x00007ffb63c9c000 	C:\Windows\System32\MFC42.dll
0x00007ffb852f0000 - 0x00007ffb85436000 	C:\Windows\System32\Windows.StateRepositoryPS.dll
0x00007ffb5ebd0000 - 0x00007ffb5ed6f000 	C:\Program Files\Intel\Media SDK\mfx_mft_mjpgvd_64.dll
0x00007ffb9a160000 - 0x00007ffb9a256000 	C:\Windows\SYSTEM32\PROPSYS.dll
0x00007ffb9d600000 - 0x00007ffb9d6f3000 	C:\Windows\SYSTEM32\dxgi.dll
0x00007ffb9ac60000 - 0x00007ffb9aec3000 	C:\Windows\SYSTEM32\d3d11.dll
0x00007ffb99a00000 - 0x00007ffb99a3b000 	C:\Windows\SYSTEM32\dxcore.dll
0x00007ffb4e020000 - 0x00007ffb4ff5e000 	C:\Windows\SYSTEM32\igd11dxva64.dll
0x00007ffb9f6d0000 - 0x00007ffb9fb38000 	C:\Windows\System32\SETUPAPI.dll
0x00007ffb87180000 - 0x00007ffb8719d000 	C:\Windows\System32\mfmjpegdec.dll
0x00007ffb549f0000 - 0x00007ffb54b1d000 	C:\Windows\System32\mfperfhelper.dll
0x00007ffb54890000 - 0x00007ffb549f0000 	C:\Windows\System32\msvproc.dll
0x00007ffb870e0000 - 0x00007ffb870fa000 	C:\Windows\SYSTEM32\OpenCL.dll
0x00007ffb680e0000 - 0x00007ffb68147000 	C:\Windows\SYSTEM32\IntelOpenCL64.dll
0x00007ffb567d0000 - 0x00007ffb56992000 	C:\Program Files (x86)\Common Files\Intel\OpenCL\bin\x64\intelocl64.dll
0x00007ffb613e0000 - 0x00007ffb6147d000 	C:\Program Files (x86)\Common Files\Intel\OpenCL\bin\x64\task_executor64.dll
0x00007ffb60d90000 - 0x00007ffb60e68000 	C:\Program Files (x86)\Common Files\Intel\OpenCL\bin\x64\cpu_device64.dll
0x00007ffb305a0000 - 0x00007ffb30a61000 	C:\Windows\SYSTEM32\igdrcl64.dll
0x00007ffb806f0000 - 0x00007ffb80733000 	C:\Windows\SYSTEM32\igdfcl64.dll
0x00007ffb30020000 - 0x00007ffb30597000 	C:\Windows\SYSTEM32\igdmcl64.dll
0x00007ffb63220000 - 0x00007ffb6328d000 	C:\Windows\SYSTEM32\igdbcl64.dll
0x00007ffb92ec0000 - 0x00007ffb93900000 	C:\Windows\SYSTEM32\igdusc64.dll
0x00007ffb9e740000 - 0x00007ffb9e758000 	C:\Windows\SYSTEM32\CRYPTSP.dll
0x00007ffb9ddb0000 - 0x00007ffb9dde4000 	C:\Windows\system32\rsaenh.dll
0x00007ffb9ec80000 - 0x00007ffb9ecae000 	C:\Windows\SYSTEM32\USERENV.dll
0x00007ffb9e1a0000 - 0x00007ffb9e1dc000 	C:\Windows\SYSTEM32\IPHLPAPI.DLL
0x00007ffba06b0000 - 0x00007ffba06b8000 	C:\Windows\System32\NSI.dll
0x00007ffb95020000 - 0x00007ffb95037000 	C:\Windows\SYSTEM32\dhcpcsvc6.DLL
0x00007ffb95000000 - 0x00007ffb9501d000 	C:\Windows\SYSTEM32\dhcpcsvc.DLL
0x00007ffb9e1e0000 - 0x00007ffb9e2ab000 	C:\Windows\SYSTEM32\DNSAPI.dll

dbghelp: loaded successfully - version: 4.0.5 - missing functions: none
symbol engine: initialized successfully - sym options: 0x614 - pdb path: .;C:\Program Files\Java\jdk-18.0.2.1\bin;C:\Windows\SYSTEM32;C:\Windows\WinSxS\amd64_microsoft.windows.common-controls_6595b64144ccf1df_6.0.19041.1110_none_60b5254171f9507e;C:\Program Files\Java\jdk-18.0.2.1\bin\server;C:\openCV\build\java\x64;C:\Program Files\Intel\Media SDK;C:\Program Files (x86)\Common Files\Intel\OpenCL\bin\x64

VM Arguments:
jvm_args: -Dfile.encoding=UTF-8 -Djava.library.path=c:\opencv\build\java\x64 
java_command: team.Grapes.CamCap
java_class_path (initial): C:\openCV\build\java\opencv-430.jar;C:\Users\Pc\OneDrive\Escritorio\Graph\CamCap\build\classes
Launcher Type: SUN_STANDARD

[Global flags]
     intx CICompilerCount                          = 3                                         {product} {ergonomic}
     uint ConcGCThreads                            = 1                                         {product} {ergonomic}
     uint G1ConcRefinementThreads                  = 4                                         {product} {ergonomic}
   size_t G1HeapRegionSize                         = 1048576                                   {product} {ergonomic}
    uintx GCDrainStackTargetSize                   = 64                                        {product} {ergonomic}
   size_t InitialHeapSize                          = 134217728                                 {product} {ergonomic}
   size_t MarkStackSize                            = 4194304                                   {product} {ergonomic}
   size_t MaxHeapSize                              = 2116026368                                {product} {ergonomic}
   size_t MaxNewSize                               = 1268776960                                {product} {ergonomic}
   size_t MinHeapDeltaBytes                        = 1048576                                   {product} {ergonomic}
   size_t MinHeapSize                              = 8388608                                   {product} {ergonomic}
    uintx NonNMethodCodeHeapSize                   = 5832780                                {pd product} {ergonomic}
    uintx NonProfiledCodeHeapSize                  = 122912730                              {pd product} {ergonomic}
    uintx ProfiledCodeHeapSize                     = 122912730                              {pd product} {ergonomic}
    uintx ReservedCodeCacheSize                    = 251658240                              {pd product} {ergonomic}
     bool SegmentedCodeCache                       = true                                      {product} {ergonomic}
   size_t SoftMaxHeapSize                          = 2116026368                             {manageable} {ergonomic}
     bool UseCompressedClassPointers               = true                           {product lp64_product} {ergonomic}
     bool UseCompressedOops                        = true                           {product lp64_product} {ergonomic}
     bool UseG1GC                                  = true                                      {product} {ergonomic}
     bool UseLargePagesIndividualAllocation        = false                                  {pd product} {ergonomic}

Logging:
Log output configuration:
 #0: stdout all=off uptime,level,tags foldmultilines=false
 #1: stderr all=off uptime,level,tags foldmultilines=false

Environment Variables:
PATH=C:\Program Files\Microsoft MPI\Bin\;C:\Program Files (x86)\VMware\VMware Player\bin\;C:\ProgramData\Oracle\Java\javapath;C:\Program Files\Microsoft\jdk-11.0.12.7-hotspot\bin;C:\Program Files\Common Files\Oracle\Java\javapath;C:\Windows\system32;C:\Windows;C:\Windows\System32\Wbem;C:\Windows\System32\WindowsPowerShell\v1.0\;C:\Windows\System32\OpenSSH\;C:\Program Files\Microsoft SQL Server\Client SDK\ODBC\170\Tools\Binn\;C:\Program Files\Git\cmd;C:\Program Files\Azure Data Studio\bin;C:\Program Files\dotnet\;C:\Program Files (x86)\Microsoft SQL Server\160\Tools\Binn\;C:\Program Files\Microsoft SQL Server\160\Tools\Binn\;C:\Program Files\Microsoft SQL Server\160\DTS\Binn\;C:\Program Files (x86)\Microsoft SQL Server\160\DTS\Binn\;C:\Users\Pc\AppData\Local\Programs\Python\Python311\Scripts\;C:\Users\Pc\AppData\Local\Programs\Python\Python311\;C:\Users\Pc\AppData\Local\Microsoft\WindowsApps;;C:\Users\Pc\AppData\Local\Programs\Microsoft VS Code\bin;C:\Program Files\JetBrains\IntelliJ IDEA Community Edition 2022.2.2\bin;;C:\Program Files\Azure Data Studio\bin;C:\Users\Pc\.dotnet\tools
USERNAME=Pc
OS=Windows_NT
PROCESSOR_IDENTIFIER=Intel64 Family 6 Model 60 Stepping 3, GenuineIntel



---------------  S Y S T E M  ---------------

OS:
 Windows 10 , 64 bit Build 19041 (10.0.19041.2788)
OS uptime: 0 days 16:35 hours
Hyper-V role detected

CPU: total 4 (initial active 4) (2 cores per cpu, 2 threads per core) family 6 model 60 stepping 3 microcode 0x27, cx8, cmov, fxsr, ht, mmx, sse, sse2, sse3, ssse3, sse4.1, sse4.2, popcnt, lzcnt, tsc, tscinvbit, avx, avx2, aes, erms, clmul, bmi1, bmi2, fma, vzeroupper, clflush, hv

Memory: 4k page, system-wide physical 8070M (1478M free)
TotalPageFile size 11910M (AvailPageFile size 2513M)
current process WorkingSet (physical memory assigned to process): 183M, peak: 188M
current process commit charge ("private bytes"): 276M, peak: 284M

vm_info: Java HotSpot(TM) 64-Bit Server VM (18.0.2.1+1-1) for windows-amd64 JRE (18.0.2.1+1-1), built on Aug 16 2022 01:46:33 by "mach5one" with MS VC++ 16.8 / 16.9 (VS2019)

END.
